Build started 11/17/2015 2:00:16 PM.
     1>Project "C:\Users\Meraj Ali\Documents\Visual Studio 2010\Projects\SimpleCalculator\SimpleCalculator\SimpleCalculator.vcxproj" on node 2 (build target(s)).
     1>InitializeBuildStatus:
         Touching "Debug\SimpleCalculator.unsuccessfulbuild".
       GenerateTargetFrameworkMonikerAttribute:
       Skipping target "GenerateTargetFrameworkMonikerAttribute" because all output files are up-to-date with respect to the input files.
       ClCompile:
         All outputs are up-to-date.
         All outputs are up-to-date.
         All outputs are up-to-date.
       CoreResGen:
         "C:\Program Files\Microsoft SDKs\Windows\v7.0A\bin\NETFX 4.0 Tools\resgen.exe" /useSourcePath /r:"C:\Program Files\Reference Assemblies\Microsoft\Framework\.NETFramework\v4.0\System.Core.dll" /r:"C:\Program Files\Reference Assemblies\Microsoft\Framework\.NETFramework\v4.0\System.Data.dll" /r:"C:\Program Files\Reference Assemblies\Microsoft\Framework\.NETFramework\v4.0\System.dll" /r:"C:\Program Files\Reference Assemblies\Microsoft\Framework\.NETFramework\v4.0\System.Drawing.dll" /r:"C:\Program Files\Reference Assemblies\Microsoft\Framework\.NETFramework\v4.0\System.Windows.Forms.dll" /r:"C:\Program Files\Reference Assemblies\Microsoft\Framework\.NETFramework\v4.0\System.Xml.dll" /compile Form1.resX,Debug\SimpleCalculator.Form1.resources
         Processing resource file "Form1.resX" into "Debug\SimpleCalculator.Form1.resources".
       ResourceCompile:
         All outputs are up-to-date.
       Link:
         C:\Program Files\Microsoft Visual Studio 10.0\VC\bin\link.exe /ERRORREPORT:PROMPT /OUT:"C:\Users\Meraj Ali\Documents\Visual Studio 2010\Projects\SimpleCalculator\Debug\SimpleCalculator.exe" /INCREMENTAL /NOLOGO /ASSEMBLYRESOURCE:Debug\SimpleCalculator.Calculator.resources /ASSEMBLYRESOURCE:Debug\SimpleCalculator.Form1.resources /MANIFEST /ManifestFile:"Debug\SimpleCalculator.exe.intermediate.manifest" /MANIFESTUAC:"level='asInvoker' uiAccess='false'" /DEBUG /PDB:"C:\Users\Meraj Ali\Documents\Visual Studio 2010\Projects\SimpleCalculator\Debug\SimpleCalculator.pdb" /ASSEMBLYDEBUG /SUBSYSTEM:WINDOWS /TLBID:1 /ENTRY:"main" /DYNAMICBASE /FIXED:NO /NXCOMPAT /MACHINE:X86 Debug\app.res
         Debug\AssemblyInfo.obj
         Debug\Calculator.obj
         Debug\stdafx.obj
         "Debug\.NETFramework,Version=v4.0.AssemblyAttributes.obj"
     1>LINK : error LNK2001: unresolved external symbol _main
     1>C:\Users\Meraj Ali\Documents\Visual Studio 2010\Projects\SimpleCalculator\Debug\SimpleCalculator.exe : fatal error LNK1120: 1 unresolved externals
     1>Done Building Project "C:\Users\Meraj Ali\Documents\Visual Studio 2010\Projects\SimpleCalculator\SimpleCalculator\SimpleCalculator.vcxproj" (build target(s)) -- FAILED.

Build FAILED.

Time Elapsed 00:00:00.94
